<span style="color:gray">07.15 13:28:12.989951</span> [<span style="color:green">App</span>@<span style="color:blue">INFO</span>]: Инициализирована подсистема журналирования (установлен уровень DEBUG)
<span style="color:gray">07.15 13:28:13.001782</span> [<span style="color:green">App</span>@<span style="color:blue">INFO</span>]: Инициализирована подсистема консоли
<span style="color:gray">07.15 13:28:13.006818</span> [<span style="color:green">App</span>@<span style="color:blue">INFO</span>]: Инициализирована подсистема веб-сервера
<span style="color:gray">07.15 13:28:13.016105</span> [<span style="color:green">Devices</span>@<span style="color:darkgray">DEBUG</span>]: Информация о портах получена
<span style="color:gray">07.15 13:28:13.017118</span> [<span style="color:green">Devices</span>@<span style="color:blue">INFO</span>]: Загружены настройки устройств
<span style="color:gray">07.15 13:28:13.017118</span> [<span style="color:green">App</span>@<span style="color:blue">INFO</span>]: Инициализирована подсистема устройств
<span style="color:gray">07.15 13:28:13.023654</span> [<span style="color:green">App</span>@<span style="color:blue">INFO</span>]: Инициализирован веб-интерфейс
<span style="color:gray">07.15 13:28:13.046295</span> [<span style="color:green">Device-COM3</span>@<span style="color:blue">INFO</span>]: Инициализация устройства по адресу COM3
<span style="color:gray">07.15 13:28:13.047293</span> [<span style="color:green">Device-COM3</span>@<span style="color:darkgray">DEBUG</span>]: Инициализирован порт COM3, 9600 бод
<span style="color:gray">07.15 13:28:13.048879</span> [<span style="color:green">Devices</span>@<span style="color:darkgray">DEBUG</span>]: Устройство по адресу COM3 зарегистрировано
<span style="color:gray">07.15 13:28:13.049810</span> [<span style="color:green">Devices</span>@<span style="color:darkgray">DEBUG</span>]: Пытаюсь запустить устройство в системе
<span style="color:gray">07.15 13:28:13.050809</span> [<span style="color:green">Device-COM3</span>@<span style="color:darkgray">DEBUG</span>]: Пытаюсь открыть порт COM3
<span style="color:gray">07.15 13:28:13.053440</span> [<span style="color:green">Device-COM3</span>@<span style="color:blue">INFO</span>]: Порт COM3 открыт, 9600 бод
<span style="color:gray">07.15 13:28:13.054451</span> [<span style="color:green">WebService</span>@<span style="color:blue">INFO</span>]: Веб-сервер запущен
<span style="color:gray">07.15 13:28:13.061995</span> [<span style="color:green">App</span>@<span style="color:darkgray">DEBUG</span>]: Привет, ребят!
<span style="color:gray">07.15 13:28:14.679943</span> [<span style="color:green">Device-COM3</span>@<span style="color:blue">INFO</span>]: COM3 at 2023-07-15 13:28:14.666528: b'EMPBIG BANG\r\n'
<span style="color:gray">07.15 13:28:17.678106</span> [<span style="color:green">Device-COM3</span>@<span style="color:blue">INFO</span>]: COM3 at 2023-07-15 13:28:17.677131: b'EMPTY STREAM\r\n'
<span style="color:gray">07.15 13:28:20.679999</span> [<span style="color:green">Device-COM3</span>@<span style="color:blue">INFO</span>]: COM3 at 2023-07-15 13:28:20.679999: b'EMPTY STREAM\r\n'
<span style="color:gray">07.15 13:28:23.684374</span> [<span style="color:green">Device-COM3</span>@<span style="color:blue">INFO</span>]: COM3 at 2023-07-15 13:28:23.683373: b'EMPTY STREAM\r\n'
<span style="color:gray">07.15 13:28:26.679113</span> [<span style="color:green">Device-COM3</span>@<span style="color:blue">INFO</span>]: COM3 at 2023-07-15 13:28:26.679113: b'EMPTY STREAM\r\n'
